0.003690
0.003738
0.003740
0.003740
0.003741
0.003742
0.003742
0.003743
0.003743
0.003744
0.003745
0.003745
0.003746
0.003746
0.003747
0.003748
0.003748
0.003749
0.003749
0.003750
0.003751
0.003752
0.003752
0.003753
0.003753
0.003754
0.003755
0.003755
0.003756
0.003756
0.003757
0.003757
0.003758
0.003758
0.003759
0.003760
0.003760
0.003761
0.003761
0.003762
0.003762
0.003763
0.003764
0.003764
0.003765
0.003765
0.003766
0.003767
0.003767
0.003768
0.003769
0.003769
0.003770
0.003771
0.003771
0.003772
0.003773
0.003773
0.003774
0.003774
0.003775
0.003776
0.003776
0.003778
0.003779
0.003780
0.003781
0.003782
0.003783
0.003783
0.003784
0.003785
0.003785
0.003786
0.003787
0.003787
0.003788
0.003788
0.003789
0.003790
0.003790
0.003791
0.003792
0.003792
0.003793
0.003794
0.003794
0.003795
0.003796
0.003796
0.003797
0.003798
0.003798
0.003799
0.003800
0.003800
0.003801
0.003802
0.003802
0.003803
